c:\users\socksup\skydrive\devtools\sdltest\sdltest\project1\debug\gameobject.obj
c:\users\socksup\skydrive\devtools\sdltest\sdltest\project1\debug\game.obj
c:\users\socksup\skydrive\devtools\sdltest\sdltest\project1\debug\gameobjectfactory.obj
c:\users\socksup\skydrive\devtools\sdltest\sdltest\project1\debug\layer.obj
c:\users\socksup\skydrive\devtools\sdltest\sdltest\project1\debug\main.obj
c:\users\socksup\skydrive\devtools\sdltest\sdltest\project1\debug\level.obj
c:\users\socksup\skydrive\devtools\sdltest\sdltest\project1\debug\gameobjectparameters.obj
c:\users\socksup\skydrive\devtools\sdltest\sdltest\project1\debug\player.obj
c:\users\socksup\skydrive\devtools\sdltest\sdltest\project1\debug\playerfactory.obj
c:\users\socksup\skydrive\devtools\sdltest\sdltest\project1\debug\tilelayer.obj
c:\users\socksup\skydrive\devtools\sdltest\sdltest\project1\debug\tinyxml2.obj
c:\users\socksup\skydrive\devtools\sdltest\sdltest\project1\debug\vector2d.obj
c:\users\socksup\skydrive\devtools\sdltest\sdltest\project1\debug\vc110.pdb
c:\users\socksup\skydrive\devtools\sdltest\sdltest\project1\debug\project1.ilk
c:\users\socksup\skydrive\devtools\sdltest\sdltest\project1\debug\project1.exe
c:\users\socksup\skydrive\devtools\sdltest\sdltest\project1\debug\project1.pdb
c:\users\linh\desktop\commandpattern\commandpatterns\project1\debug\vc140.pdb
c:\users\linh\desktop\commandpattern\commandpatterns\project1\debug\vc140.idb
c:\users\linh\desktop\commandpattern\commandpatterns\project1\debug\actor.obj
c:\users\linh\desktop\commandpattern\commandpatterns\project1\debug\game.obj
c:\users\linh\desktop\commandpattern\commandpatterns\project1\debug\inputhandler.obj
c:\users\linh\desktop\commandpattern\commandpatterns\project1\debug\macrocommand.obj
c:\users\linh\desktop\commandpattern\commandpatterns\project1\debug\main.obj
c:\users\linh\desktop\commandpattern\commandpatterns\project1\debug\gameobject.obj
c:\users\linh\desktop\commandpattern\commandpatterns\project1\debug\gameobjectfactory.obj
c:\users\linh\desktop\commandpattern\commandpatterns\project1\debug\gameobjectparameters.obj
c:\users\linh\desktop\commandpattern\commandpatterns\project1\debug\layer.obj
c:\users\linh\desktop\commandpattern\commandpatterns\project1\debug\level.obj
c:\users\linh\desktop\commandpattern\commandpatterns\project1\debug\player.obj
c:\users\linh\desktop\commandpattern\commandpatterns\project1\debug\playerfactory.obj
c:\users\linh\desktop\commandpattern\commandpatterns\project1\debug\tilelayer.obj
c:\users\linh\desktop\commandpattern\commandpatterns\project1\debug\tinyxml2.obj
c:\users\linh\desktop\commandpattern\commandpatterns\project1\debug\vector2d.obj
c:\users\linh\desktop\commandpattern\commandpatterns\project1\debug\cl.command.1.tlog
c:\users\linh\desktop\commandpattern\commandpatterns\project1\debug\cl.read.1.tlog
c:\users\linh\desktop\commandpattern\commandpatterns\project1\debug\cl.write.1.tlog
c:\users\linh\desktop\commandpattern\commandpatterns\project1\debug\link-cvtres.read.1.tlog
c:\users\linh\desktop\commandpattern\commandpatterns\project1\debug\link-cvtres.write.1.tlog
c:\users\linh\desktop\commandpattern\commandpatterns\project1\debug\link-rc.read.1.tlog
c:\users\linh\desktop\commandpattern\commandpatterns\project1\debug\link-rc.write.1.tlog
c:\users\linh\desktop\commandpattern\commandpatterns\project1\debug\link.command.1.tlog
c:\users\linh\desktop\commandpattern\commandpatterns\project1\debug\link.read.1.tlog
c:\users\linh\desktop\commandpattern\commandpatterns\project1\debug\link.write.1.tlog
c:\users\linh\desktop\commandpattern\commandpatterns\project1\debug\vc110.idb
c:\users\linh\desktop\commandpattern\commandpatterns\project1\debug\project1.pdb
c:\users\linh\desktop\commandpattern\commandpatterns\project1\debug\vc110.pdb
c:\users\linh\desktop\commandpattern\commandpatterns\project1\debug\project1.tlog\cl.command.1.tlog
c:\users\linh\desktop\commandpattern\commandpatterns\project1\debug\project1.tlog\cl.read.1.tlog
c:\users\linh\desktop\commandpattern\commandpatterns\project1\debug\project1.tlog\cl.write.1.tlog
c:\users\linh\desktop\commandpattern\commandpatterns\project1\debug\project1.tlog\link.command.1.tlog
c:\users\linh\desktop\commandpattern\commandpatterns\project1\debug\project1.tlog\link.read.1.tlog
c:\users\linh\desktop\commandpattern\commandpatterns\project1\debug\project1.tlog\link.write.1.tlog
